W0617 22:01:08.638000 1098 torch/distributed/elastic/agent/server/api.py:739] Received 2 death signal, shutting down workers
W0617 22:01:08.641000 1098 torch/distributed/elastic/multiprocessing/api.py:1010] Sending process 1114 closing signal SIGINT
Traceback (most recent call last):
  File "/kaggle/working/GraphBERT/scripts/train_mlm.py", line 9, in <module>
    from transformers import Trainer, TrainingArguments
  File "/usr/local/lib/python3.12/dist-packages/transformers/__init__.py", line 30, in <module>
    from . import dependency_versions_check
  File "/usr/local/lib/python3.12/dist-packages/transformers/dependency_versions_check.py", line 16, in <module>
    from .utils.versions import require_version, require_version_core
  File "/usr/local/lib/python3.12/dist-packages/transformers/utils/__init__.py", line 22, in <module>
    from .auto_docstring import (
  File "/usr/local/lib/python3.12/dist-packages/transformers/utils/auto_docstring.py", line 30, in <module>
    from .generic import ModelOutput
  File "/usr/local/lib/python3.12/dist-packages/transformers/utils/generic.py", line 33, in <module>
    from .import_utils import is_mlx_available, is_torch_available, is_torch_fx_proxy, requires
  File "/usr/local/lib/python3.12/dist-packages/transformers/utils/import_utils.py", line 45, in <module>
W0617 22:01:08.643000 1098 torch/distributed/elastic/multiprocessing/api.py:1010] Sending process 1115 closing signal SIGINT
Traceback (most recent call last):
  File "/kaggle/working/GraphBERT/scripts/train_mlm.py", line 9, in <module>
    from transformers import Trainer, TrainingArguments
  File "/usr/local/lib/python3.12/dist-packages/transformers/__init__.py", line 30, in <module>
    from . import dependency_versions_check
  File "/usr/local/lib/python3.12/dist-packages/transformers/dependency_versions_check.py", line 16, in <module>
    from .utils.versions import require_version, require_version_core
  File "/usr/local/lib/python3.12/dist-packages/transformers/utils/__init__.py", line 22, in <module>
    from .auto_docstring import (
  File "/usr/local/lib/python3.12/dist-packages/transformers/utils/auto_docstring.py", line 30, in <module>
    from .generic import ModelOutput
  File "/usr/local/lib/python3.12/dist-packages/transformers/utils/generic.py", line 33, in <module>
    from .import_utils import is_mlx_available, is_torch_available, is_torch_fx_proxy, requires
  File "/usr/local/lib/python3.12/dist-packages/transformers/utils/import_utils.py", line 45, in <module>
    PACKAGE_DISTRIBUTION_MAPPING = importlib.metadata.packages_distributions()    
PACKAGE_DISTRIBUTION_MAPPING = importlib.metadata.packages_distributions()
                                                                      ^^^^^^^^^^^^^^^^^^^^^^^^^^^^^^^^^^^^^^^^^^^^^^^^^^^^^^^^^^^^^^^^^^^^^^^^^^^^^^^^^^^^^^

  File "/usr/lib/python3.12/importlib/metadata/__init__.py", line 947, in packages_distributions
  File "/usr/lib/python3.12/importlib/metadata/__init__.py", line 948, in packages_distributions
    pkg_to_dist[pkg].append(dist.metadata['Name'])
    for pkg in _top_level_declared(dist) or _top_level_inferred(dist):
                                                 ^ ^ ^ ^ ^ ^ ^ ^ ^ ^ ^ ^ ^ 
        File "/usr/lib/python3.12/importlib/metadata/__init__.py", line 452, in metadata
    ^^^^^^^^^^^^^^^^^^^^^^^^^
  File "/usr/lib/python3.12/importlib/metadata/__init__.py", line 959, in _top_level_inferred
    return _adapters.Message(email.message_from_string(text))
                             ^^^^^^^^^^^^^^^^^^^^^^^^^^^^^^    ^for f in always_iterable(dist.files)

  File "/usr/lib/python3.12/email/__init__.py", line 37, in message_from_string
                             ^^^^^^^^^^
  File "/usr/lib/python3.12/importlib/metadata/__init__.py", line 500, in files
    return skip_missing_files(
           ^^^^^^^^^^^^^^^^^^^
  File "/usr/lib/python3.12/importlib/metadata/_functools.py", line 102, in wrapper
    return func(param, *args, **kwargs)
           ^^^^^^^^^^^^^^^^^^^^^^^^^^^^
  File "/usr/lib/python3.12/importlib/metadata/__init__.py", line 498, in skip_missing_files
    return list(filter(lambda path: path.locate().exists(), package_paths))
           ^^^^^^^^^^^^^^^^^^^^^^^^^^^^^^^^^^^^^^^^^^^^^^^^^^^^^^^^^^^^^^^^
  File "/usr/lib/python3.12/importlib/metadata/__init__.py", line 498, in <lambda>
    return list(filter(lambda path: path.locate().exists(), package_paths))

KeyboardInterrupt
    return Parser(*args, **kws).parsestr(s)
           ^^^^^^^^^^^^^^^^^^^^^^^^^^^^^^^^
  File "/usr/lib/python3.12/email/parser.py", line 64, in parsestr
    return self.parse(StringIO(text), headersonly=headersonly)
           ^^^^^^^^^^^^^^^^^^^^^^^^^^^^^^^^^^^^^^^^^^^^^^^^^^^
  File "/usr/lib/python3.12/email/parser.py", line 53, in parse
    feedparser.feed(data)
  File "/usr/lib/python3.12/email/feedparser.py", line 174, in feed
    self._call_parse()
  File "/usr/lib/python3.12/email/feedparser.py", line 178, in _call_parse
    self._parse()
  File "/usr/lib/python3.12/email/feedparser.py", line 238, in _parsegen
    self._parse_headers(headers)
  File "/usr/lib/python3.12/email/feedparser.py", line 512, in _parse_headers
    i = line.find(':')
        ^^^^^^^^^^^^^^
KeyboardInterrupt
Traceback (most recent call last):
  File "/usr/local/bin/accelerate", line 10, in <module>
    sys.exit(main())
             ^^^^^^
  File "/usr/local/lib/python3.12/dist-packages/accelerate/commands/accelerate_cli.py", line 50, in main
    args.func(args)
  File "/usr/local/lib/python3.12/dist-packages/accelerate/commands/launch.py", line 1396, in launch_command
    multi_gpu_launcher(args)
  File "/usr/local/lib/python3.12/dist-packages/accelerate/commands/launch.py", line 1023, in multi_gpu_launcher
    distrib_run.run(args)
  File "/usr/local/lib/python3.12/dist-packages/torch/distributed/run.py", line 982, in run
    elastic_launch(
  File "/usr/local/lib/python3.12/dist-packages/torch/distributed/launcher/api.py", line 170, in __call__
    return launch_agent(self._config, self._entrypoint, list(args))
           ^^^^^^^^^^^^^^^^^^^^^^^^^^^^^^^^^^^^^^^^^^^^^^^^^^^^^^^^
  File "/usr/local/lib/python3.12/dist-packages/torch/distributed/launcher/api.py", line 308, in launch_agent
    result = agent.run()
             ^^^^^^^^^^^
  File "/usr/local/lib/python3.12/dist-packages/torch/distributed/elastic/metrics/api.py", line 134, in wrapper
    result = f(*args, **kwargs)
             ^^^^^^^^^^^^^^^^^^
  File "/usr/local/lib/python3.12/dist-packages/torch/distributed/elastic/agent/server/api.py", line 731, in run
    result = self._invoke_run(role)
             ^^^^^^^^^^^^^^^^^^^^^^
  File "/usr/local/lib/python3.12/dist-packages/torch/distributed/elastic/agent/server/api.py", line 908, in _invoke_run
    time.sleep(monitor_interval)
  File "/usr/local/lib/python3.12/dist-packages/torch/distributed/elastic/multiprocessing/api.py", line 86, in _terminate_process_handler
    raise SignalException(f"Process {os.getpid()} got signal: {sigval}", sigval=sigval)
torch.distributed.elastic.multiprocessing.api.SignalException: Process 1098 got signal: 2
